[1225/080059.344:ERROR:directory_reader_win.cc(43)] FindFirstFile: The system cannot find the path specified. (0x3)
[0105/103847.851:ERROR:process_memory_win.cc(73)] ReadMemory at 0x7ff60ad30000 of 64 bytes failed: Only part of a ReadProcessMemory or WriteProcessMemory request was completed. (0x12B)
[0105/103847.963:WARNING:pe_image_reader.cc(340)] could not read dos header from C:\Program Files (x86)\Google\Chrome\Application\chrome.exe
[0105/103847.963:ERROR:process_memory_win.cc(73)] ReadMemory at 0x7ff847fc0000 of 64 bytes failed: Only part of a ReadProcessMemory or WriteProcessMemory request was completed. (0x12B)
[0105/103847.963:WARNING:pe_image_reader.cc(340)] could not read dos header from C:\WINDOWS\SYSTEM32\ntdll.dll
[0105/103847.963:ERROR:process_memory_win.cc(73)] ReadMemory at 0x7ff846340000 of 64 bytes failed: Only part of a ReadProcessMemory or WriteProcessMemory request was completed. (0x12B)
[0105/103847.963:WARNING:pe_image_reader.cc(340)] could not read dos header from C:\WINDOWS\System32\KERNEL32.DLL
[0105/103847.963:ERROR:process_memory_win.cc(73)] ReadMemory at 0x7ff845930000 of 64 bytes failed: Only part of a ReadProcessMemory or WriteProcessMemory request was completed. (0x12B)
[0105/103847.963:WARNING:pe_image_reader.cc(340)] could not read dos header from C:\WINDOWS\System32\KERNELBASE.dll
[0105/103847.963:ERROR:process_memory_win.cc(73)] ReadMemory at 0x7ff833950000 of 64 bytes failed: Only part of a ReadProcessMemory or WriteProcessMemory request was completed. (0x12B)
[0105/103847.963:WARNING:pe_image_reader.cc(340)] could not read dos header from C:\Program Files (x86)\Google\Chrome\Application\87.0.4280.88\chrome_elf.dll
[0105/103847.963:ERROR:process_memory_win.cc(73)] ReadMemory at 0x7ff840600000 of 64 bytes failed: Only part of a ReadProcessMemory or WriteProcessMemory request was completed. (0x12B)
[0105/103847.963:WARNING:pe_image_reader.cc(340)] could not read dos header from C:\WINDOWS\SYSTEM32\VERSION.dll
[0105/103847.964:ERROR:process_memory_win.cc(73)] ReadMemory at 0x7ff846530000 of 64 bytes failed: Only part of a ReadProcessMemory or WriteProcessMemory request was completed. (0x12B)
[0105/103847.964:WARNING:pe_image_reader.cc(340)] could not read dos header from C:\WINDOWS\System32\msvcrt.dll
[0105/103847.964:ERROR:process_memory_win.cc(73)] ReadMemory at 0x7ff845d30000 of 64 bytes failed: Only part of a ReadProcessMemory or WriteProcessMemory request was completed. (0x12B)
[0105/103847.964:WARNING:pe_image_reader.cc(340)] could not read dos header from C:\WINDOWS\System32\bcryptPrimitives.dll
[0105/103847.964:ERROR:process_memory_win.cc(73)] ReadMemory at 0x7ff8461a0000 of 64 bytes failed: Only part of a ReadProcessMemory or WriteProcessMemory request was completed. (0x12B)
[0105/103847.964:WARNING:pe_image_reader.cc(340)] could not read dos header from C:\WINDOWS\System32\ADVAPI32.dll
[0105/103847.964:ERROR:process_memory_win.cc(73)] ReadMemory at 0x7ff847190000 of 64 bytes failed: Only part of a ReadProcessMemory or WriteProcessMemory request was completed. (0x12B)
[0105/103847.964:WARNING:pe_image_reader.cc(340)] could not read dos header from C:\WINDOWS\System32\sechost.dll
[0105/103847.964:ERROR:process_memory_win.cc(73)] ReadMemory at 0x2c785780000 of 64 bytes failed: Only part of a ReadProcessMemory or WriteProcessMemory request was completed. (0x12B)
[0105/103847.964:WARNING:pe_image_reader.cc(340)] could not read dos header from C:\WINDOWS\System32\RPCRT4.dll
[0105/103847.964:ERROR:process_memory_win.cc(73)] ReadMemory at 0x7fffefd90000 of 64 bytes failed: Only part of a ReadProcessMemory or WriteProcessMemory request was completed. (0x12B)
[0105/103847.964:WARNING:pe_image_reader.cc(340)] could not read dos header from C:\Program Files (x86)\Google\Chrome\Application\87.0.4280.88\chrome.dll
[0105/103847.964:ERROR:process_memory_win.cc(73)] ReadMemory at 0x7ff8465d0000 of 64 bytes failed: Only part of a ReadProcessMemory or WriteProcessMemory request was completed. (0x12B)
[0105/103847.964:WARNING:pe_image_reader.cc(340)] could not read dos header from C:\WINDOWS\System32\WS2_32.dll
[0105/103847.965:ERROR:process_memory_win.cc(73)] ReadMemory at 0x7ff847d60000 of 64 bytes failed: Only part of a ReadProcessMemory or WriteProcessMemory request was completed. (0x12B)
[0105/103847.965:WARNING:pe_image_reader.cc(340)] could not read dos header from C:\WINDOWS\System32\OLEAUT32.dll
[0105/103847.965:ERROR:process_memory_win.cc(73)] ReadMemory at 0x7ff845fd0000 of 64 bytes failed: Only part of a ReadProcessMemory or WriteProcessMemory request was completed. (0x12B)
[0105/103847.965:WARNING:pe_image_reader.cc(340)] could not read dos header from C:\WINDOWS\System32\msvcp_win.dll
[0105/103847.965:ERROR:process_memory_win.cc(73)] ReadMemory at 0x7ff8457d0000 of 64 bytes failed: Only part of a ReadProcessMemory or WriteProcessMemory request was completed. (0x12B)
[0105/103847.965:WARNING:pe_image_reader.cc(340)] could not read dos header from C:\WINDOWS\System32\ucrtbase.dll
[0105/103847.965:ERROR:process_memory_win.cc(73)] ReadMemory at 0x7ff846dc0000 of 64 bytes failed: Only part of a ReadProcessMemory or WriteProcessMemory request was completed. (0x12B)
[0105/103847.965:WARNING:pe_image_reader.cc(340)] could not read dos header from C:\WINDOWS\System32\combase.dll
[0105/103847.965:ERROR:process_memory_win.cc(73)] ReadMemory at 0x7ff8458d0000 of 64 bytes failed: Only part of a ReadProcessMemory or WriteProcessMemory request was completed. (0x12B)
[0105/103847.965:WARNING:pe_image_reader.cc(340)] could not read dos header from C:\WINDOWS\System32\WINTRUST.dll
[0105/103847.965:ERROR:process_memory_win.cc(73)] ReadMemory at 0x7ff844e90000 of 64 bytes failed: Only part of a ReadProcessMemory or WriteProcessMemory request was completed. (0x12B)
[0105/103847.965:WARNING:pe_image_reader.cc(340)] could not read dos header from C:\WINDOWS\System32\MSASN1.dll
[0105/103847.965:ERROR:process_memory_win.cc(73)] ReadMemory at 0x7ff845be0000 of 64 bytes failed: Only part of a ReadProcessMemory or WriteProcessMemory request was completed. (0x12B)
[0105/103847.965:WARNING:pe_image_reader.cc(340)] could not read dos header from C:\WINDOWS\System32\CRYPT32.dll
[0105/103847.965:ERROR:process_memory_win.cc(73)] ReadMemory at 0x7ff843760000 of 64 bytes failed: Only part of a ReadProcessMemory or WriteProcessMemory request was completed. (0x12B)
[0105/103847.965:WARNING:pe_image_reader.cc(340)] could not read dos header from C:\WINDOWS\SYSTEM32\dbghelp.dll
[0105/103847.965:ERROR:process_memory_win.cc(73)] ReadMemory at 0x7ff844360000 of 64 bytes failed: Only part of a ReadProcessMemory or WriteProcessMemory request was completed. (0x12B)
[0105/103847.965:WARNING:pe_image_reader.cc(340)] could not read dos header from C:\WINDOWS\SYSTEM32\IPHLPAPI.DLL
[0105/103847.965:ERROR:process_memory_win.cc(73)] ReadMemory at 0x7ff842b90000 of 64 bytes failed: Only part of a ReadProcessMemory or WriteProcessMemory request was completed. (0x12B)
[0105/103847.965:WARNING:pe_image_reader.cc(340)] could not read dos header from C:\WINDOWS\SYSTEM32\WINMM.dll
[0105/103847.965:ERROR:process_memory_win.cc(73)] ReadMemory at 0x7ff824a40000 of 64 bytes failed: Only part of a ReadProcessMemory or WriteProcessMemory request was completed. (0x12B)
[0105/103847.965:WARNING:pe_image_reader.cc(340)] could not read dos header from C:\WINDOWS\SYSTEM32\UIAutomationCore.DLL
[0105/103847.965:ERROR:process_memory_win.cc(73)] ReadMemory at 0x7ff830bd0000 of 64 bytes failed: Only part of a ReadProcessMemory or WriteProcessMemory request was completed. (0x12B)
[0105/103847.965:WARNING:pe_image_reader.cc(340)] could not read dos header from C:\WINDOWS\SYSTEM32\Secur32.dll
[0105/103847.965:ERROR:process_memory_win.cc(73)] ReadMemory at 0x7ff844d40000 of 64 bytes failed: Only part of a ReadProcessMemory or WriteProcessMemory request was completed. (0x12B)
[0105/103847.965:WARNING:pe_image_reader.cc(340)] could not read dos header from C:\WINDOWS\SYSTEM32\USERENV.dll
[0105/103847.965:ERROR:process_memory_win.cc(73)] ReadMemory at 0x7ff844eb0000 of 64 bytes failed: Only part of a ReadProcessMemory or WriteProcessMemory request was completed. (0x12B)
[0105/103847.965:WARNING:pe_image_reader.cc(340)] could not read dos header from C:\WINDOWS\System32\profapi.dll
[0105/103847.965:ERROR:process_memory_win.cc(73)] ReadMemory at 0x7ff831d30000 of 64 bytes failed: Only part of a ReadProcessMemory or WriteProcessMemory request was completed. (0x12B)
[0105/103847.965:WARNING:pe_image_reader.cc(340)] could not read dos header from C:\WINDOWS\SYSTEM32\DWrite.dll
[0105/103847.965:ERROR:process_memory_win.cc(73)] ReadMemory at 0x7ff82f4d0000 of 64 bytes failed: Only part of a ReadProcessMemory or WriteProcessMemory request was completed. (0x12B)
[0105/103847.965:WARNING:pe_image_reader.cc(340)] could not read dos header from C:\WINDOWS\SYSTEM32\WINSPOOL.DRV
[0105/103847.965:ERROR:process_memory_win.cc(73)] ReadMemory at 0x7ff844e70000 of 64 bytes failed: Only part of a ReadProcessMemory or WriteProcessMemory request was completed. (0x12B)
[0105/103847.965:WARNING:pe_image_reader.cc(340)] could not read dos header from C:\WINDOWS\System32\kernel.appcore.dll
[0105/103847.965:ERROR:process_memory_win.cc(73)] ReadMemory at 0x7ff8456c0000 of 64 bytes failed: Only part of a ReadProcessMemory or WriteProcessMemory request was completed. (0x12B)
[0105/103847.965:WARNING:pe_image_reader.cc(340)] could not read dos header from C:\WINDOWS\System32\bcrypt.dll
[0105/103847.966:ERROR:process_memory_win.cc(73)] ReadMemory at 0x7ff83d000000 of 64 bytes failed: Only part of a ReadProcessMemory or WriteProcessMemory request was completed. (0x12B)
[0105/103847.966:WARNING:pe_image_reader.cc(340)] could not read dos header from C:\WINDOWS\SYSTEM32\WINHTTP.dll
[0105/103847.966:ERROR:process_memory_win.cc(73)] ReadMemory at 0x7ff8434c0000 of 64 bytes failed: Only part of a ReadProcessMemory or WriteProcessMemory request was completed. (0x12B)
[0105/103847.966:WARNING:pe_image_reader.cc(340)] could not read dos header from C:\WINDOWS\SYSTEM32\dhcpcsvc.DLL
[0105/103847.966:ERROR:process_memory_win.cc(73)] ReadMemory at 0x7ff847f70000 of 64 bytes failed: Only part of a ReadProcessMemory or WriteProcessMemory request was completed. (0x12B)
[0105/103847.966:WARNING:pe_image_reader.cc(340)] could not read dos header from C:\WINDOWS\System32\NSI.dll
[0105/103847.966:ERROR:process_memory_win.cc(73)] ReadMemory at 0x7ff842ac0000 of 64 bytes failed: Only part of a ReadProcessMemory or WriteProcessMemory request was completed. (0x12B)
[0105/103847.966:WARNING:pe_image_reader.cc(340)] could not read dos header from C:\WINDOWS\SYSTEM32\WINMMBASE.dll
[0105/103847.966:ERROR:process_memory_win.cc(73)] ReadMemory at 0x7ff845f80000 of 64 bytes failed: Only part of a ReadProcessMemory or WriteProcessMemory request was completed. (0x12B)
[0105/103847.966:WARNING:pe_image_reader.cc(340)] could not read dos header from C:\WINDOWS\System32\cfgmgr32.dll
[0105/103847.966:ERROR:process_memory_win.cc(73)] ReadMemory at 0x7ff842ed0000 of 64 bytes failed: Only part of a ReadProcessMemory or WriteProcessMemory request was completed. (0x12B)
[0105/103847.966:WARNING:pe_image_reader.cc(340)] could not read dos header from C:\WINDOWS\SYSTEM32\PROPSYS.dll
[0105/103847.966:ERROR:process_memory_win.cc(73)] ReadMemory at 0x7ff847230000 of 64 bytes failed: Only part of a ReadProcessMemory or WriteProcessMemory request was completed. (0x12B)
[0105/103847.966:WARNING:pe_image_reader.cc(340)] could not read dos header from C:\WINDOWS\System32\shcore.dll
[0105/103847.966:ERROR:process_memory_win.cc(73)] ReadMemory at 0x7ff844d70000 of 64 bytes failed: Only part of a ReadProcessMemory or WriteProcessMemory request was completed. (0x12B)
[0105/103847.966:WARNING:pe_image_reader.cc(340)] could not read dos header from C:\WINDOWS\SYSTEM32\SSPICLI.DLL
[0105/103847.966:ERROR:process_memory_win.cc(73)] ReadMemory at 0x7ff844820000 of 64 bytes failed: Only part of a ReadProcessMemory or WriteProcessMemory request was completed. (0x12B)
[0105/103847.966:WARNING:pe_image_reader.cc(340)] could not read dos header from C:\WINDOWS\SYSTEM32\CRYPTBASE.DLL
[0105/103847.983:ERROR:process_memory_win.cc(73)] ReadMemory at 0x7ff60ad30000 of 64 bytes failed: Only part of a ReadProcessMemory or WriteProcessMemory request was completed. (0x12B)
[0105/103847.983:WARNING:pe_image_reader.cc(340)] could not read dos header from C:\Program Files (x86)\Google\Chrome\Application\chrome.exe
[0105/103847.983:ERROR:process_memory_win.cc(73)] ReadMemory at 0x7ff847fc0000 of 64 bytes failed: Only part of a ReadProcessMemory or WriteProcessMemory request was completed. (0x12B)
[0105/103847.983:WARNING:pe_image_reader.cc(340)] could not read dos header from C:\WINDOWS\SYSTEM32\ntdll.dll
[0105/103847.983:ERROR:process_memory_win.cc(73)] ReadMemory at 0x7ff846340000 of 64 bytes failed: Only part of a ReadProcessMemory or WriteProcessMemory request was completed. (0x12B)
[0105/103847.983:WARNING:pe_image_reader.cc(340)] could not read dos header from C:\WINDOWS\System32\KERNEL32.DLL
[0105/103847.983:ERROR:process_memory_win.cc(73)] ReadMemory at 0x7ff845930000 of 64 bytes failed: Only part of a ReadProcessMemory or WriteProcessMemory request was completed. (0x12B)
[0105/103847.983:WARNING:pe_image_reader.cc(340)] could not read dos header from C:\WINDOWS\System32\KERNELBASE.dll
[0105/103847.983:ERROR:process_memory_win.cc(73)] ReadMemory at 0x7ff833950000 of 64 bytes failed: Only part of a ReadProcessMemory or WriteProcessMemory request was completed. (0x12B)
[0105/103847.983:WARNING:pe_image_reader.cc(340)] could not read dos header from C:\Program Files (x86)\Google\Chrome\Application\87.0.4280.88\chrome_elf.dll
[0105/103847.983:ERROR:process_memory_win.cc(73)] ReadMemory at 0x7ff840600000 of 64 bytes failed: Only part of a ReadProcessMemory or WriteProcessMemory request was completed. (0x12B)
[0105/103847.983:WARNING:pe_image_reader.cc(340)] could not read dos header from C:\WINDOWS\SYSTEM32\VERSION.dll
[0105/103847.984:ERROR:process_memory_win.cc(73)] ReadMemory at 0x7ff846530000 of 64 bytes failed: Only part of a ReadProcessMemory or WriteProcessMemory request was completed. (0x12B)
[0105/103847.984:WARNING:pe_image_reader.cc(340)] could not read dos header from C:\WINDOWS\System32\msvcrt.dll
[0105/103847.984:ERROR:process_memory_win.cc(73)] ReadMemory at 0x7ff845d30000 of 64 bytes failed: Only part of a ReadProcessMemory or WriteProcessMemory request was completed. (0x12B)
[0105/103847.984:WARNING:pe_image_reader.cc(340)] could not read dos header from C:\WINDOWS\System32\bcryptPrimitives.dll
[0105/103847.984:ERROR:process_memory_win.cc(73)] ReadMemory at 0x7ff8461a0000 of 64 bytes failed: Only part of a ReadProcessMemory or WriteProcessMemory request was completed. (0x12B)
[0105/103847.984:WARNING:pe_image_reader.cc(340)] could not read dos header from C:\WINDOWS\System32\ADVAPI32.dll
[0105/103847.984:ERROR:process_memory_win.cc(73)] ReadMemory at 0x7ff847190000 of 64 bytes failed: Only part of a ReadProcessMemory or WriteProcessMemory request was completed. (0x12B)
[0105/103847.984:WARNING:pe_image_reader.cc(340)] could not read dos header from C:\WINDOWS\System32\sechost.dll
[0105/103847.984:ERROR:process_memory_win.cc(73)] ReadMemory at 0x2c785780000 of 64 bytes failed: Only part of a ReadProcessMemory or WriteProcessMemory request was completed. (0x12B)
[0105/103847.984:WARNING:pe_image_reader.cc(340)] could not read dos header from C:\WINDOWS\System32\RPCRT4.dll
[0105/103847.984:ERROR:process_memory_win.cc(73)] ReadMemory at 0x7fffefd90000 of 64 bytes failed: Only part of a ReadProcessMemory or WriteProcessMemory request was completed. (0x12B)
[0105/103847.984:WARNING:pe_image_reader.cc(340)] could not read dos header from C:\Program Files (x86)\Google\Chrome\Application\87.0.4280.88\chrome.dll
[0105/103847.984:ERROR:process_memory_win.cc(73)] ReadMemory at 0x7ff8465d0000 of 64 bytes failed: Only part of a ReadProcessMemory or WriteProcessMemory request was completed. (0x12B)
[0105/103847.984:WARNING:pe_image_reader.cc(340)] could not read dos header from C:\WINDOWS\System32\WS2_32.dll
[0105/103847.984:ERROR:process_memory_win.cc(73)] ReadMemory at 0x7ff847d60000 of 64 bytes failed: Only part of a ReadProcessMemory or WriteProcessMemory request was completed. (0x12B)
[0105/103847.984:WARNING:pe_image_reader.cc(340)] could not read dos header from C:\WINDOWS\System32\OLEAUT32.dll
[0105/103847.984:ERROR:process_memory_win.cc(73)] ReadMemory at 0x7ff845fd0000 of 64 bytes failed: Only part of a ReadProcessMemory or WriteProcessMemory request was completed. (0x12B)
[0105/103847.984:WARNING:pe_image_reader.cc(340)] could not read dos header from C:\WINDOWS\System32\msvcp_win.dll
[0105/103847.984:ERROR:process_memory_win.cc(73)] ReadMemory at 0x7ff8457d0000 of 64 bytes failed: Only part of a ReadProcessMemory or WriteProcessMemory request was completed. (0x12B)
[0105/103847.984:WARNING:pe_image_reader.cc(340)] could not read dos header from C:\WINDOWS\System32\ucrtbase.dll
[0105/103847.984:ERROR:process_memory_win.cc(73)] ReadMemory at 0x7ff846dc0000 of 64 bytes failed: Only part of a ReadProcessMemory or WriteProcessMemory request was completed. (0x12B)
[0105/103847.984:WARNING:pe_image_reader.cc(340)] could not read dos header from C:\WINDOWS\System32\combase.dll
[0105/103847.984:ERROR:process_memory_win.cc(73)] ReadMemory at 0x7ff8458d0000 of 64 bytes failed: Only part of a ReadProcessMemory or WriteProcessMemory request was completed. (0x12B)
[0105/103847.984:WARNING:pe_image_reader.cc(340)] could not read dos header from C:\WINDOWS\System32\WINTRUST.dll
[0105/103847.984:ERROR:process_memory_win.cc(73)] ReadMemory at 0x7ff844e90000 of 64 bytes failed: Only part of a ReadProcessMemory or WriteProcessMemory request was completed. (0x12B)
[0105/103847.984:WARNING:pe_image_reader.cc(340)] could not read dos header from C:\WINDOWS\System32\MSASN1.dll
[0105/103847.984:ERROR:process_memory_win.cc(73)] ReadMemory at 0x7ff845be0000 of 64 bytes failed: Only part of a ReadProcessMemory or WriteProcessMemory request was completed. (0x12B)
[0105/103847.984:WARNING:pe_image_reader.cc(340)] could not read dos header from C:\WINDOWS\System32\CRYPT32.dll
[0105/103847.984:ERROR:process_memory_win.cc(73)] ReadMemory at 0x7ff843760000 of 64 bytes failed: Only part of a ReadProcessMemory or WriteProcessMemory request was completed. (0x12B)
[0105/103847.984:WARNING:pe_image_reader.cc(340)] could not read dos header from C:\WINDOWS\SYSTEM32\dbghelp.dll
[0105/103847.984:ERROR:process_memory_win.cc(73)] ReadMemory at 0x7ff844360000 of 64 bytes failed: Only part of a ReadProcessMemory or WriteProcessMemory request was completed. (0x12B)
[0105/103847.984:WARNING:pe_image_reader.cc(340)] could not read dos header from C:\WINDOWS\SYSTEM32\IPHLPAPI.DLL
[0105/103847.984:ERROR:process_memory_win.cc(73)] ReadMemory at 0x7ff842b90000 of 64 bytes failed: Only part of a ReadProcessMemory or WriteProcessMemory request was completed. (0x12B)
[0105/103847.984:WARNING:pe_image_reader.cc(340)] could not read dos header from C:\WINDOWS\SYSTEM32\WINMM.dll
[0105/103847.984:ERROR:process_memory_win.cc(73)] ReadMemory at 0x7ff824a40000 of 64 bytes failed: Only part of a ReadProcessMemory or WriteProcessMemory request was completed. (0x12B)
[0105/103847.984:WARNING:pe_image_reader.cc(340)] could not read dos header from C:\WINDOWS\SYSTEM32\UIAutomationCore.DLL
[0105/103847.984:ERROR:process_memory_win.cc(73)] ReadMemory at 0x7ff830bd0000 of 64 bytes failed: Only part of a ReadProcessMemory or WriteProcessMemory request was completed. (0x12B)
[0105/103847.984:WARNING:pe_image_reader.cc(340)] could not read dos header from C:\WINDOWS\SYSTEM32\Secur32.dll
[0105/103847.984:ERROR:process_memory_win.cc(73)] ReadMemory at 0x7ff844d40000 of 64 bytes failed: Only part of a ReadProcessMemory or WriteProcessMemory request was completed. (0x12B)
[0105/103847.984:WARNING:pe_image_reader.cc(340)] could not read dos header from C:\WINDOWS\SYSTEM32\USERENV.dll
[0105/103847.985:ERROR:process_memory_win.cc(73)] ReadMemory at 0x7ff844eb0000 of 64 bytes failed: Only part of a ReadProcessMemory or WriteProcessMemory request was completed. (0x12B)
[0105/103847.985:WARNING:pe_image_reader.cc(340)] could not read dos header from C:\WINDOWS\System32\profapi.dll
[0105/103847.985:ERROR:process_memory_win.cc(73)] ReadMemory at 0x7ff831d30000 of 64 bytes failed: Only part of a ReadProcessMemory or WriteProcessMemory request was completed. (0x12B)
[0105/103847.985:WARNING:pe_image_reader.cc(340)] could not read dos header from C:\WINDOWS\SYSTEM32\DWrite.dll
[0105/103847.985:ERROR:process_memory_win.cc(73)] ReadMemory at 0x7ff82f4d0000 of 64 bytes failed: Only part of a ReadProcessMemory or WriteProcessMemory request was completed. (0x12B)
[0105/103847.985:WARNING:pe_image_reader.cc(340)] could not read dos header from C:\WINDOWS\SYSTEM32\WINSPOOL.DRV
[0105/103847.985:ERROR:process_memory_win.cc(73)] ReadMemory at 0x7ff844e70000 of 64 bytes failed: Only part of a ReadProcessMemory or WriteProcessMemory request was completed. (0x12B)
[0105/103847.985:WARNING:pe_image_reader.cc(340)] could not read dos header from C:\WINDOWS\System32\kernel.appcore.dll
[0105/103847.985:ERROR:process_memory_win.cc(73)] ReadMemory at 0x7ff8456c0000 of 64 bytes failed: Only part of a ReadProcessMemory or WriteProcessMemory request was completed. (0x12B)
[0105/103847.985:WARNING:pe_image_reader.cc(340)] could not read dos header from C:\WINDOWS\System32\bcrypt.dll
[0105/103847.985:ERROR:process_memory_win.cc(73)] ReadMemory at 0x7ff83d000000 of 64 bytes failed: Only part of a ReadProcessMemory or WriteProcessMemory request was completed. (0x12B)
[0105/103847.985:WARNING:pe_image_reader.cc(340)] could not read dos header from C:\WINDOWS\SYSTEM32\WINHTTP.dll
[0105/103847.985:ERROR:process_memory_win.cc(73)] ReadMemory at 0x7ff8434c0000 of 64 bytes failed: Only part of a ReadProcessMemory or WriteProcessMemory request was completed. (0x12B)
[0105/103847.985:WARNING:pe_image_reader.cc(340)] could not read dos header from C:\WINDOWS\SYSTEM32\dhcpcsvc.DLL
[0105/103847.985:ERROR:process_memory_win.cc(73)] ReadMemory at 0x7ff847f70000 of 64 bytes failed: Only part of a ReadProcessMemory or WriteProcessMemory request was completed. (0x12B)
[0105/103847.985:WARNING:pe_image_reader.cc(340)] could not read dos header from C:\WINDOWS\System32\NSI.dll
[0105/103847.985:ERROR:process_memory_win.cc(73)] ReadMemory at 0x7ff842ac0000 of 64 bytes failed: Only part of a ReadProcessMemory or WriteProcessMemory request was completed. (0x12B)
[0105/103847.985:WARNING:pe_image_reader.cc(340)] could not read dos header from C:\WINDOWS\SYSTEM32\WINMMBASE.dll
[0105/103847.985:ERROR:process_memory_win.cc(73)] ReadMemory at 0x7ff845f80000 of 64 bytes failed: Only part of a ReadProcessMemory or WriteProcessMemory request was completed. (0x12B)
[0105/103847.985:WARNING:pe_image_reader.cc(340)] could not read dos header from C:\WINDOWS\System32\cfgmgr32.dll
[0105/103847.985:ERROR:process_memory_win.cc(73)] ReadMemory at 0x7ff842ed0000 of 64 bytes failed: Only part of a ReadProcessMemory or WriteProcessMemory request was completed. (0x12B)
[0105/103847.985:WARNING:pe_image_reader.cc(340)] could not read dos header from C:\WINDOWS\SYSTEM32\PROPSYS.dll
[0105/103847.985:ERROR:process_memory_win.cc(73)] ReadMemory at 0x7ff847230000 of 64 bytes failed: Only part of a ReadProcessMemory or WriteProcessMemory request was completed. (0x12B)
[0105/103847.985:WARNING:pe_image_reader.cc(340)] could not read dos header from C:\WINDOWS\System32\shcore.dll
[0105/103847.985:ERROR:process_memory_win.cc(73)] ReadMemory at 0x7ff844d70000 of 64 bytes failed: Only part of a ReadProcessMemory or WriteProcessMemory request was completed. (0x12B)
[0105/103847.985:WARNING:pe_image_reader.cc(340)] could not read dos header from C:\WINDOWS\SYSTEM32\SSPICLI.DLL
[0105/103847.985:ERROR:process_memory_win.cc(73)] ReadMemory at 0x7ff844820000 of 64 bytes failed: Only part of a ReadProcessMemory or WriteProcessMemory request was completed. (0x12B)
[0105/103847.985:WARNING:pe_image_reader.cc(340)] could not read dos header from C:\WINDOWS\SYSTEM32\CRYPTBASE.DLL
[0105/103847.985:ERROR:process_memory_win.cc(73)] ReadMemory at 0x7ff60ad30000 of 64 bytes failed: Only part of a ReadProcessMemory or WriteProcessMemory request was completed. (0x12B)
[0105/103847.985:WARNING:pe_image_reader.cc(340)] could not read dos header from C:\Program Files (x86)\Google\Chrome\Application\chrome.exe
[0105/103847.985:ERROR:process_memory_win.cc(73)] ReadMemory at 0x7ff847fc0000 of 64 bytes failed: Only part of a ReadProcessMemory or WriteProcessMemory request was completed. (0x12B)
[0105/103847.985:WARNING:pe_image_reader.cc(340)] could not read dos header from C:\WINDOWS\SYSTEM32\ntdll.dll
[0105/103847.985:ERROR:process_memory_win.cc(73)] ReadMemory at 0x7ff846340000 of 64 bytes failed: Only part of a ReadProcessMemory or WriteProcessMemory request was completed. (0x12B)
[0105/103847.985:WARNING:pe_image_reader.cc(340)] could not read dos header from C:\WINDOWS\System32\KERNEL32.DLL
[0105/103847.985:ERROR:process_memory_win.cc(73)] ReadMemory at 0x7ff845930000 of 64 bytes failed: Only part of a ReadProcessMemory or WriteProcessMemory request was completed. (0x12B)
[0105/103847.985:WARNING:pe_image_reader.cc(340)] could not read dos header from C:\WINDOWS\System32\KERNELBASE.dll
[0105/103847.985:ERROR:process_memory_win.cc(73)] ReadMemory at 0x7ff833950000 of 64 bytes failed: Only part of a ReadProcessMemory or WriteProcessMemory request was completed. (0x12B)
[0105/103847.986:WARNING:pe_image_reader.cc(340)] could not read dos header from C:\Program Files (x86)\Google\Chrome\Application\87.0.4280.88\chrome_elf.dll
[0105/103847.986:ERROR:process_memory_win.cc(73)] ReadMemory at 0x7ff840600000 of 64 bytes failed: Only part of a ReadProcessMemory or WriteProcessMemory request was completed. (0x12B)
[0105/103847.986:WARNING:pe_image_reader.cc(340)] could not read dos header from C:\WINDOWS\SYSTEM32\VERSION.dll
[0105/103847.986:ERROR:process_memory_win.cc(73)] ReadMemory at 0x7ff846530000 of 64 bytes failed: Only part of a ReadProcessMemory or WriteProcessMemory request was completed. (0x12B)
[0105/103847.986:WARNING:pe_image_reader.cc(340)] could not read dos header from C:\WINDOWS\System32\msvcrt.dll
[0105/103847.986:ERROR:process_memory_win.cc(73)] ReadMemory at 0x7ff845d30000 of 64 bytes failed: Only part of a ReadProcessMemory or WriteProcessMemory request was completed. (0x12B)
[0105/103847.986:WARNING:pe_image_reader.cc(340)] could not read dos header from C:\WINDOWS\System32\bcryptPrimitives.dll
[0105/103847.986:ERROR:process_memory_win.cc(73)] ReadMemory at 0x7ff8461a0000 of 64 bytes failed: Only part of a ReadProcessMemory or WriteProcessMemory request was completed. (0x12B)
[0105/103847.986:WARNING:pe_image_reader.cc(340)] could not read dos header from C:\WINDOWS\System32\ADVAPI32.dll
[0105/103847.986:ERROR:process_memory_win.cc(73)] ReadMemory at 0x7ff847190000 of 64 bytes failed: Only part of a ReadProcessMemory or WriteProcessMemory request was completed. (0x12B)
[0105/103847.986:WARNING:pe_image_reader.cc(340)] could not read dos header from C:\WINDOWS\System32\sechost.dll
[0105/103847.986:ERROR:process_memory_win.cc(73)] ReadMemory at 0x2c785780000 of 64 bytes failed: Only part of a ReadProcessMemory or WriteProcessMemory request was completed. (0x12B)
[0105/103847.986:WARNING:pe_image_reader.cc(340)] could not read dos header from C:\WINDOWS\System32\RPCRT4.dll
[0105/103847.986:ERROR:process_memory_win.cc(73)] ReadMemory at 0x7fffefd90000 of 64 bytes failed: Only part of a ReadProcessMemory or WriteProcessMemory request was completed. (0x12B)
[0105/103847.986:WARNING:pe_image_reader.cc(340)] could not read dos header from C:\Program Files (x86)\Google\Chrome\Application\87.0.4280.88\chrome.dll
[0105/103847.986:ERROR:process_memory_win.cc(73)] ReadMemory at 0x7ff8465d0000 of 64 bytes failed: Only part of a ReadProcessMemory or WriteProcessMemory request was completed. (0x12B)
[0105/103847.986:WARNING:pe_image_reader.cc(340)] could not read dos header from C:\WINDOWS\System32\WS2_32.dll
[0105/103847.986:ERROR:process_memory_win.cc(73)] ReadMemory at 0x7ff847d60000 of 64 bytes failed: Only part of a ReadProcessMemory or WriteProcessMemory request was completed. (0x12B)
[0105/103847.986:WARNING:pe_image_reader.cc(340)] could not read dos header from C:\WINDOWS\System32\OLEAUT32.dll
[0105/103847.986:ERROR:process_memory_win.cc(73)] ReadMemory at 0x7ff845fd0000 of 64 bytes failed: Only part of a ReadProcessMemory or WriteProcessMemory request was completed. (0x12B)
[0105/103847.986:WARNING:pe_image_reader.cc(340)] could not read dos header from C:\WINDOWS\System32\msvcp_win.dll
[0105/103847.986:ERROR:process_memory_win.cc(73)] ReadMemory at 0x7ff8457d0000 of 64 bytes failed: Only part of a ReadProcessMemory or WriteProcessMemory request was completed. (0x12B)
[0105/103847.987:WARNING:pe_image_reader.cc(340)] could not read dos header from C:\WINDOWS\System32\ucrtbase.dll
[0105/103847.987:ERROR:process_memory_win.cc(73)] ReadMemory at 0x7ff846dc0000 of 64 bytes failed: Only part of a ReadProcessMemory or WriteProcessMemory request was completed. (0x12B)
[0105/103847.987:WARNING:pe_image_reader.cc(340)] could not read dos header from C:\WINDOWS\System32\combase.dll
[0105/103847.987:ERROR:process_memory_win.cc(73)] ReadMemory at 0x7ff8458d0000 of 64 bytes failed: Only part of a ReadProcessMemory or WriteProcessMemory request was completed. (0x12B)
[0105/103847.987:WARNING:pe_image_reader.cc(340)] could not read dos header from C:\WINDOWS\System32\WINTRUST.dll
[0105/103847.987:ERROR:process_memory_win.cc(73)] ReadMemory at 0x7ff844e90000 of 64 bytes failed: Only part of a ReadProcessMemory or WriteProcessMemory request was completed. (0x12B)
[0105/103847.987:WARNING:pe_image_reader.cc(340)] could not read dos header from C:\WINDOWS\System32\MSASN1.dll
[0105/103847.987:ERROR:process_memory_win.cc(73)] ReadMemory at 0x7ff845be0000 of 64 bytes failed: Only part of a ReadProcessMemory or WriteProcessMemory request was completed. (0x12B)
[0105/103847.987:WARNING:pe_image_reader.cc(340)] could not read dos header from C:\WINDOWS\System32\CRYPT32.dll
[0105/103847.987:ERROR:process_memory_win.cc(73)] ReadMemory at 0x7ff843760000 of 64 bytes failed: Only part of a ReadProcessMemory or WriteProcessMemory request was completed. (0x12B)
[0105/103847.987:WARNING:pe_image_reader.cc(340)] could not read dos header from C:\WINDOWS\SYSTEM32\dbghelp.dll
[0105/103847.987:ERROR:process_memory_win.cc(73)] ReadMemory at 0x7ff844360000 of 64 bytes failed: Only part of a ReadProcessMemory or WriteProcessMemory request was completed. (0x12B)
[0105/103847.987:WARNING:pe_image_reader.cc(340)] could not read dos header from C:\WINDOWS\SYSTEM32\IPHLPAPI.DLL
[0105/103847.987:ERROR:process_memory_win.cc(73)] ReadMemory at 0x7ff842b90000 of 64 bytes failed: Only part of a ReadProcessMemory or WriteProcessMemory request was completed. (0x12B)
[0105/103847.987:WARNING:pe_image_reader.cc(340)] could not read dos header from C:\WINDOWS\SYSTEM32\WINMM.dll
[0105/103847.987:ERROR:process_memory_win.cc(73)] ReadMemory at 0x7ff824a40000 of 64 bytes failed: Only part of a ReadProcessMemory or WriteProcessMemory request was completed. (0x12B)
[0105/103847.987:WARNING:pe_image_reader.cc(340)] could not read dos header from C:\WINDOWS\SYSTEM32\UIAutomationCore.DLL
[0105/103847.987:ERROR:process_memory_win.cc(73)] ReadMemory at 0x7ff830bd0000 of 64 bytes failed: Only part of a ReadProcessMemory or WriteProcessMemory request was completed. (0x12B)
[0105/103847.987:WARNING:pe_image_reader.cc(340)] could not read dos header from C:\WINDOWS\SYSTEM32\Secur32.dll
[0105/103847.987:ERROR:process_memory_win.cc(73)] ReadMemory at 0x7ff844d40000 of 64 bytes failed: Only part of a ReadProcessMemory or WriteProcessMemory request was completed. (0x12B)
[0105/103847.987:WARNING:pe_image_reader.cc(340)] could not read dos header from C:\WINDOWS\SYSTEM32\USERENV.dll
[0105/103847.987:ERROR:process_memory_win.cc(73)] ReadMemory at 0x7ff844eb0000 of 64 bytes failed: Only part of a ReadProcessMemory or WriteProcessMemory request was completed. (0x12B)
[0105/103847.987:WARNING:pe_image_reader.cc(340)] could not read dos header from C:\WINDOWS\System32\profapi.dll
[0105/103847.987:ERROR:process_memory_win.cc(73)] ReadMemory at 0x7ff831d30000 of 64 bytes failed: Only part of a ReadProcessMemory or WriteProcessMemory request was completed. (0x12B)
[0105/103847.987:WARNING:pe_image_reader.cc(340)] could not read dos header from C:\WINDOWS\SYSTEM32\DWrite.dll
[0105/103847.987:ERROR:process_memory_win.cc(73)] ReadMemory at 0x7ff82f4d0000 of 64 bytes failed: Only part of a ReadProcessMemory or WriteProcessMemory request was completed. (0x12B)
[0105/103847.987:WARNING:pe_image_reader.cc(340)] could not read dos header from C:\WINDOWS\SYSTEM32\WINSPOOL.DRV
[0105/103847.987:ERROR:process_memory_win.cc(73)] ReadMemory at 0x7ff844e70000 of 64 bytes failed: Only part of a ReadProcessMemory or WriteProcessMemory request was completed. (0x12B)
[0105/103847.987:WARNING:pe_image_reader.cc(340)] could not read dos header from C:\WINDOWS\System32\kernel.appcore.dll
[0105/103847.987:ERROR:process_memory_win.cc(73)] ReadMemory at 0x7ff8456c0000 of 64 bytes failed: Only part of a ReadProcessMemory or WriteProcessMemory request was completed. (0x12B)
[0105/103847.987:WARNING:pe_image_reader.cc(340)] could not read dos header from C:\WINDOWS\System32\bcrypt.dll
[0105/103847.987:ERROR:process_memory_win.cc(73)] ReadMemory at 0x7ff83d000000 of 64 bytes failed: Only part of a ReadProcessMemory or WriteProcessMemory request was completed. (0x12B)
[0105/103847.987:WARNING:pe_image_reader.cc(340)] could not read dos header from C:\WINDOWS\SYSTEM32\WINHTTP.dll
[0105/103847.987:ERROR:process_memory_win.cc(73)] ReadMemory at 0x7ff8434c0000 of 64 bytes failed: Only part of a ReadProcessMemory or WriteProcessMemory request was completed. (0x12B)
[0105/103847.987:WARNING:pe_image_reader.cc(340)] could not read dos header from C:\WINDOWS\SYSTEM32\dhcpcsvc.DLL
[0105/103847.987:ERROR:process_memory_win.cc(73)] ReadMemory at 0x7ff847f70000 of 64 bytes failed: Only part of a ReadProcessMemory or WriteProcessMemory request was completed. (0x12B)
[0105/103847.987:WARNING:pe_image_reader.cc(340)] could not read dos header from C:\WINDOWS\System32\NSI.dll
[0105/103847.987:ERROR:process_memory_win.cc(73)] ReadMemory at 0x7ff842ac0000 of 64 bytes failed: Only part of a ReadProcessMemory or WriteProcessMemory request was completed. (0x12B)
[0105/103847.987:WARNING:pe_image_reader.cc(340)] could not read dos header from C:\WINDOWS\SYSTEM32\WINMMBASE.dll
[0105/103847.987:ERROR:process_memory_win.cc(73)] ReadMemory at 0x7ff845f80000 of 64 bytes failed: Only part of a ReadProcessMemory or WriteProcessMemory request was completed. (0x12B)
[0105/103847.987:WARNING:pe_image_reader.cc(340)] could not read dos header from C:\WINDOWS\System32\cfgmgr32.dll
[0105/103847.988:ERROR:process_memory_win.cc(73)] ReadMemory at 0x7ff842ed0000 of 64 bytes failed: Only part of a ReadProcessMemory or WriteProcessMemory request was completed. (0x12B)
[0105/103847.988:WARNING:pe_image_reader.cc(340)] could not read dos header from C:\WINDOWS\SYSTEM32\PROPSYS.dll
[0105/103847.988:ERROR:process_memory_win.cc(73)] ReadMemory at 0x7ff847230000 of 64 bytes failed: Only part of a ReadProcessMemory or WriteProcessMemory request was completed. (0x12B)
[0105/103847.988:WARNING:pe_image_reader.cc(340)] could not read dos header from C:\WINDOWS\System32\shcore.dll
[0105/103847.988:ERROR:process_memory_win.cc(73)] ReadMemory at 0x7ff844d70000 of 64 bytes failed: Only part of a ReadProcessMemory or WriteProcessMemory request was completed. (0x12B)
[0105/103847.988:WARNING:pe_image_reader.cc(340)] could not read dos header from C:\WINDOWS\SYSTEM32\SSPICLI.DLL
[0105/103847.988:ERROR:process_memory_win.cc(73)] ReadMemory at 0x7ff844820000 of 64 bytes failed: Only part of a ReadProcessMemory or WriteProcessMemory request was completed. (0x12B)
[0105/103847.988:WARNING:pe_image_reader.cc(340)] could not read dos header from C:\WINDOWS\SYSTEM32\CRYPTBASE.DLL
[0105/103848.143:ERROR:process_memory_win.cc(73)] ReadMemory at 0xcb71fed000 of 77824 bytes failed: Only part of a ReadProcessMemory or WriteProcessMemory request was completed. (0x12B)
[0105/103848.143:ERROR:process_memory_win.cc(73)] ReadMemory at 0xcb727fe000 of 8192 bytes failed: Only part of a ReadProcessMemory or WriteProcessMemory request was completed. (0x12B)
[0105/103848.143:ERROR:process_memory_win.cc(73)] ReadMemory at 0xcb72ff7000 of 36864 bytes failed: Only part of a ReadProcessMemory or WriteProcessMemory request was completed. (0x12B)
[0105/103848.143:ERROR:process_memory_win.cc(73)] ReadMemory at 0xcb737fe000 of 8192 bytes failed: Only part of a ReadProcessMemory or WriteProcessMemory request was completed. (0x12B)
[0105/103848.143:ERROR:process_memory_win.cc(73)] ReadMemory at 0xcb73ffd000 of 12288 bytes failed: Only part of a ReadProcessMemory or WriteProcessMemory request was completed. (0x12B)
[0105/103848.143:ERROR:process_memory_win.cc(73)] ReadMemory at 0xcb747fb000 of 20480 bytes failed: Only part of a ReadProcessMemory or WriteProcessMemory request was completed. (0x12B)
[0105/103848.143:ERROR:process_memory_win.cc(73)] ReadMemory at 0xcb74fff000 of 4096 bytes failed: Only part of a ReadProcessMemory or WriteProcessMemory request was completed. (0x12B)
[0105/103848.143:ERROR:process_memory_win.cc(73)] ReadMemory at 0xcb757fe000 of 8192 bytes failed: Only part of a ReadProcessMemory or WriteProcessMemory request was completed. (0x12B)
[0105/103848.143:ERROR:process_memory_win.cc(73)] ReadMemory at 0xcb75ffd000 of 12288 bytes failed: Only part of a ReadProcessMemory or WriteProcessMemory request was completed. (0x12B)
[0105/103848.143:ERROR:process_memory_win.cc(73)] ReadMemory at 0xcb76ffe000 of 8192 bytes failed: Only part of a ReadProcessMemory or WriteProcessMemory request was completed. (0x12B)
[0105/103848.143:ERROR:process_memory_win.cc(73)] ReadMemory at 0xcb777fc000 of 16384 bytes failed: Only part of a ReadProcessMemory or WriteProcessMemory request was completed. (0x12B)
[0105/103848.143:ERROR:process_memory_win.cc(73)] ReadMemory at 0xcb77ffd000 of 12288 bytes failed: Only part of a ReadProcessMemory or WriteProcessMemory request was completed. (0x12B)
[0105/103848.143:ERROR:process_memory_win.cc(73)] ReadMemory at 0xcb787fe000 of 8192 bytes failed: Only part of a ReadProcessMemory or WriteProcessMemory request was completed. (0x12B)
[0105/103848.143:ERROR:process_memory_win.cc(73)] ReadMemory at 0xcb78ffd000 of 12288 bytes failed: Only part of a ReadProcessMemory or WriteProcessMemory request was completed. (0x12B)
[0105/103848.143:ERROR:process_memory_win.cc(73)] ReadMemory at 0xcb797fe000 of 8192 bytes failed: Only part of a ReadProcessMemory or WriteProcessMemory request was completed. (0x12B)
[0105/103848.143:ERROR:process_memory_win.cc(73)] ReadMemory at 0xcb79ff6000 of 40960 bytes failed: Only part of a ReadProcessMemory or WriteProcessMemory request was completed. (0x12B)
[0105/103848.143:ERROR:process_memory_win.cc(73)] ReadMemory at 0xcb7a7fd000 of 12288 bytes failed: Only part of a ReadProcessMemory or WriteProcessMemory request was completed. (0x12B)
[0105/103848.143:ERROR:process_memory_win.cc(73)] ReadMemory at 0xcb7affc000 of 16384 bytes failed: Only part of a ReadProcessMemory or WriteProcessMemory request was completed. (0x12B)
[0105/103848.143:ERROR:process_memory_win.cc(73)] ReadMemory at 0xcb7b7fc000 of 16384 bytes failed: Only part of a ReadProcessMemory or WriteProcessMemory request was completed. (0x12B)
[0105/103848.143:ERROR:process_memory_win.cc(73)] ReadMemory at 0xcb7bffc000 of 16384 bytes failed: Only part of a ReadProcessMemory or WriteProcessMemory request was completed. (0x12B)
[0105/103848.143:ERROR:process_memory_win.cc(73)] ReadMemory at 0xcb7172a000 of 852 bytes failed: Only part of a ReadProcessMemory or WriteProcessMemory request was completed. (0x12B)
[0105/103848.143:ERROR:process_memory_win.cc(73)] ReadMemory at 0xcb7172b000 of 6024 bytes failed: Only part of a ReadProcessMemory or WriteProcessMemory request was completed. (0x12B)
[0105/103848.143:ERROR:process_memory_win.cc(73)] ReadMemory at 0xcb7172d000 of 6024 bytes failed: Only part of a ReadProcessMemory or WriteProcessMemory request was completed. (0x12B)
[0105/103848.143:ERROR:process_memory_win.cc(73)] ReadMemory at 0xcb7172f000 of 6024 bytes failed: Only part of a ReadProcessMemory or WriteProcessMemory request was completed. (0x12B)
[0105/103848.143:ERROR:process_memory_win.cc(73)] ReadMemory at 0xcb71731000 of 6024 bytes failed: Only part of a ReadProcessMemory or WriteProcessMemory request was completed. (0x12B)
[0105/103848.143:ERROR:process_memory_win.cc(73)] ReadMemory at 0xcb71733000 of 6024 bytes failed: Only part of a ReadProcessMemory or WriteProcessMemory request was completed. (0x12B)
[0105/103848.143:ERROR:process_memory_win.cc(73)] ReadMemory at 0xcb71735000 of 6024 bytes failed: Only part of a ReadProcessMemory or WriteProcessMemory request was completed. (0x12B)
[0105/103848.143:ERROR:process_memory_win.cc(73)] ReadMemory at 0xcb71737000 of 6024 bytes failed: Only part of a ReadProcessMemory or WriteProcessMemory request was completed. (0x12B)
[0105/103848.143:ERROR:process_memory_win.cc(73)] ReadMemory at 0xcb71739000 of 6024 bytes failed: Only part of a ReadProcessMemory or WriteProcessMemory request was completed. (0x12B)
[0105/103848.143:ERROR:process_memory_win.cc(73)] ReadMemory at 0xcb7173b000 of 6024 bytes failed: Only part of a ReadProcessMemory or WriteProcessMemory request was completed. (0x12B)
[0105/103848.143:ERROR:process_memory_win.cc(73)] ReadMemory at 0xcb7173f000 of 6024 bytes failed: Only part of a ReadProcessMemory or WriteProcessMemory request was completed. (0x12B)
[0105/103848.143:ERROR:process_memory_win.cc(73)] ReadMemory at 0xcb71741000 of 6024 bytes failed: Only part of a ReadProcessMemory or WriteProcessMemory request was completed. (0x12B)
[0105/103848.143:ERROR:process_memory_win.cc(73)] ReadMemory at 0xcb71743000 of 6024 bytes failed: Only part of a ReadProcessMemory or WriteProcessMemory request was completed. (0x12B)
[0105/103848.143:ERROR:process_memory_win.cc(73)] ReadMemory at 0xcb71745000 of 6024 bytes failed: Only part of a ReadProcessMemory or WriteProcessMemory request was completed. (0x12B)
[0105/103848.143:ERROR:process_memory_win.cc(73)] ReadMemory at 0xcb71747000 of 6024 bytes failed: Only part of a ReadProcessMemory or WriteProcessMemory request was completed. (0x12B)
[0105/103848.143:ERROR:process_memory_win.cc(73)] ReadMemory at 0xcb71749000 of 6024 bytes failed: Only part of a ReadProcessMemory or WriteProcessMemory request was completed. (0x12B)
[0105/103848.143:ERROR:process_memory_win.cc(73)] ReadMemory at 0xcb7174b000 of 6024 bytes failed: Only part of a ReadProcessMemory or WriteProcessMemory request was completed. (0x12B)
[0105/103848.143:ERROR:process_memory_win.cc(73)] ReadMemory at 0xcb7174d000 of 6024 bytes failed: Only part of a ReadProcessMemory or WriteProcessMemory request was completed. (0x12B)
[0105/103848.143:ERROR:process_memory_win.cc(73)] ReadMemory at 0xcb7174f000 of 6024 bytes failed: Only part of a ReadProcessMemory or WriteProcessMemory request was completed. (0x12B)
[0105/103848.143:ERROR:process_memory_win.cc(73)] ReadMemory at 0xcb71751000 of 6024 bytes failed: Only part of a ReadProcessMemory or WriteProcessMemory request was completed. (0x12B)
[0105/103848.143:ERROR:process_memory_win.cc(73)] ReadMemory at 0xcb71753000 of 6024 bytes failed: Only part of a ReadProcessMemory or WriteProcessMemory request was completed. (0x12B)
[0105/103848.143:ERROR:process_memory_win.cc(73)] ReadMemory at 0x2c7854c0ca0 of 512 bytes failed: Only part of a ReadProcessMemory or WriteProcessMemory request was completed. (0x12B)
[0105/103849.207:ERROR:process_memory_win.cc(73)] ReadMemory at 0x2c7854c2140 of 896 bytes failed: Only part of a ReadProcessMemory or WriteProcessMemory request was completed. (0x12B)
[0105/103849.207:ERROR:process_memory_win.cc(73)] ReadMemory at 0x2c7854c3580 of 512 bytes failed: Only part of a ReadProcessMemory or WriteProcessMemory request was completed. (0x12B)
[0105/103849.207:ERROR:process_memory_win.cc(73)] ReadMemory at 0x2c785520fe0 of 18990 bytes failed: Only part of a ReadProcessMemory or WriteProcessMemory request was completed. (0x12B)
[0105/103849.207:ERROR:process_memory_win.cc(73)] ReadMemory at 0x2c785525a20 of 1012 bytes failed: Only part of a ReadProcessMemory or WriteProcessMemory request was completed. (0x12B)
[0105/103849.207:ERROR:process_memory_win.cc(73)] ReadMemory at 0x2c785526068 of 118 bytes failed: Only part of a ReadProcessMemory or WriteProcessMemory request was completed. (0x12B)
[0105/103849.207:ERROR:process_memory_win.cc(73)] ReadMemory at 0x2c7855260e0 of 718 bytes failed: Only part of a ReadProcessMemory or WriteProcessMemory request was completed. (0x12B)
[0105/103849.207:ERROR:process_memory_win.cc(73)] ReadMemory at 0x2c7855263b0 of 118 bytes failed: Only part of a ReadProcessMemory or WriteProcessMemory request was completed. (0x12B)
[0105/103849.207:ERROR:process_memory_win.cc(73)] ReadMemory at 0x2c785526428 of 96 bytes failed: Only part of a ReadProcessMemory or WriteProcessMemory request was completed. (0x12B)
[0105/103849.207:ERROR:process_memory_win.cc(73)] ReadMemory at 0x2c7855264a0 of 58 bytes failed: Only part of a ReadProcessMemory or WriteProcessMemory request was completed. (0x12B)
[0105/103849.208:ERROR:process_memory_win.cc(73)] ReadMemory at 0x2c7855265a0 of 132 bytes failed: Only part of a ReadProcessMemory or WriteProcessMemory request was completed. (0x12B)
[0105/103849.208:ERROR:process_memory_win.cc(73)] ReadMemory at 0x2c785526730 of 132 bytes failed: Only part of a ReadProcessMemory or WriteProcessMemory request was completed. (0x12B)
[0105/103849.208:ERROR:process_memory_win.cc(73)] ReadMemory at 0x2c7855268f0 of 124 bytes failed: Only part of a ReadProcessMemory or WriteProcessMemory request was completed. (0x12B)
[0105/103849.208:ERROR:process_memory_win.cc(73)] ReadMemory at 0x2c785526df0 of 132 bytes failed: Only part of a ReadProcessMemory or WriteProcessMemory request was completed. (0x12B)
[0105/103849.208:ERROR:process_memory_win.cc(73)] ReadMemory at 0x2c785526f80 of 64 bytes failed: Only part of a ReadProcessMemory or WriteProcessMemory request was completed. (0x12B)
[0105/103849.208:ERROR:process_memory_win.cc(73)] ReadMemory at 0x2c785527140 of 132 bytes failed: Only part of a ReadProcessMemory or WriteProcessMemory request was completed. (0x12B)
[0105/103849.208:ERROR:process_memory_win.cc(73)] ReadMemory at 0x2c7855273e0 of 132 bytes failed: Only part of a ReadProcessMemory or WriteProcessMemory request was completed. (0x12B)
[0105/103849.208:ERROR:process_memory_win.cc(73)] ReadMemory at 0x2c785527570 of 68 bytes failed: Only part of a ReadProcessMemory or WriteProcessMemory request was completed. (0x12B)
[0105/103849.208:ERROR:process_memory_win.cc(73)] ReadMemory at 0x2c785528620 of 132 bytes failed: Only part of a ReadProcessMemory or WriteProcessMemory request was completed. (0x12B)
[0105/103849.208:ERROR:process_memory_win.cc(73)] ReadMemory at 0x2c7855287b0 of 152 bytes failed: Only part of a ReadProcessMemory or WriteProcessMemory request was completed. (0x12B)
[0105/103849.208:ERROR:process_memory_win.cc(73)] ReadMemory at 0x2c7855294d0 of 62 bytes failed: Only part of a ReadProcessMemory or WriteProcessMemory request was completed. (0x12B)
[0105/103849.208:ERROR:process_memory_win.cc(73)] ReadMemory at 0x2c785529600 of 132 bytes failed: Only part of a ReadProcessMemory or WriteProcessMemory request was completed. (0x12B)
[0105/103849.208:ERROR:process_memory_win.cc(73)] ReadMemory at 0x2c785529790 of 60 bytes failed: Only part of a ReadProcessMemory or WriteProcessMemory request was completed. (0x12B)
[0105/103849.208:ERROR:process_memory_win.cc(73)] ReadMemory at 0x2c78553d6b0 of 132 bytes failed: Only part of a ReadProcessMemory or WriteProcessMemory request was completed. (0x12B)
[0105/103849.208:ERROR:process_memory_win.cc(73)] ReadMemory at 0x2c78553ddc0 of 80 bytes failed: Only part of a ReadProcessMemory or WriteProcessMemory request was completed. (0x12B)
[0105/103849.208:ERROR:process_memory_win.cc(73)] ReadMemory at 0x2c78553ed90 of 132 bytes failed: Only part of a ReadProcessMemory or WriteProcessMemory request was completed. (0x12B)
[0105/103849.209:ERROR:process_memory_win.cc(73)] ReadMemory at 0x2c78553efb0 of 132 bytes failed: Only part of a ReadProcessMemory or WriteProcessMemory request was completed. (0x12B)
[0105/103849.209:ERROR:process_memory_win.cc(73)] ReadMemory at 0x2c78553f440 of 132 bytes failed: Only part of a ReadProcessMemory or WriteProcessMemory request was completed. (0x12B)
[0105/103849.209:ERROR:process_memory_win.cc(73)] ReadMemory at 0x2c7855440c0 of 132 bytes failed: Only part of a ReadProcessMemory or WriteProcessMemory request was completed. (0x12B)
[0105/103849.209:ERROR:process_memory_win.cc(73)] ReadMemory at 0x2c7855456c0 of 54 bytes failed: Only part of a ReadProcessMemory or WriteProcessMemory request was completed. (0x12B)
[0105/103849.209:ERROR:process_memory_win.cc(73)] ReadMemory at 0x2c785546c30 of 132 bytes failed: Only part of a ReadProcessMemory or WriteProcessMemory request was completed. (0x12B)
[0105/103849.209:ERROR:process_memory_win.cc(73)] ReadMemory at 0x2c785547320 of 132 bytes failed: Only part of a ReadProcessMemory or WriteProcessMemory request was completed. (0x12B)
[0105/103849.209:ERROR:process_memory_win.cc(73)] ReadMemory at 0x2c785548d80 of 144 bytes failed: Only part of a ReadProcessMemory or WriteProcessMemory request was completed. (0x12B)
[0105/103849.209:ERROR:process_memory_win.cc(73)] ReadMemory at 0x2c785548f30 of 60 bytes failed: Only part of a ReadProcessMemory or WriteProcessMemory request was completed. (0x12B)
[0105/103849.209:ERROR:process_memory_win.cc(73)] ReadMemory at 0x2c785549110 of 66 bytes failed: Only part of a ReadProcessMemory or WriteProcessMemory request was completed. (0x12B)
[0105/103849.209:ERROR:process_memory_win.cc(73)] ReadMemory at 0x2c7855491b0 of 62 bytes failed: Only part of a ReadProcessMemory or WriteProcessMemory request was completed. (0x12B)
[0105/103849.209:ERROR:process_memory_win.cc(73)] ReadMemory at 0x2c785549200 of 62 bytes failed: Only part of a ReadProcessMemory or WriteProcessMemory request was completed. (0x12B)
[0105/103849.209:ERROR:process_memory_win.cc(73)] ReadMemory at 0x2c785549250 of 64 bytes failed: Only part of a ReadProcessMemory or WriteProcessMemory request was completed. (0x12B)
[0105/103849.209:ERROR:process_memory_win.cc(73)] ReadMemory at 0x2c7855492a0 of 60 bytes failed: Only part of a ReadProcessMemory or WriteProcessMemory request was completed. (0x12B)
[0105/103849.209:ERROR:process_memory_win.cc(73)] ReadMemory at 0x2c785549340 of 64 bytes failed: Only part of a ReadProcessMemory or WriteProcessMemory request was completed. (0x12B)
[0105/103849.209:ERROR:process_memory_win.cc(73)] ReadMemory at 0x2c7855493e0 of 64 bytes failed: Only part of a ReadProcessMemory or WriteProcessMemory request was completed. (0x12B)
[0105/103849.209:ERROR:process_memory_win.cc(73)] ReadMemory at 0x2c785549480 of 62 bytes failed: Only part of a ReadProcessMemory or WriteProcessMemory request was completed. (0x12B)
[0105/103849.209:ERROR:process_memory_win.cc(73)] ReadMemory at 0x2c7855494d0 of 66 bytes failed: Only part of a ReadProcessMemory or WriteProcessMemory request was completed. (0x12B)
[0105/103849.209:ERROR:process_memory_win.cc(73)] ReadMemory at 0x2c785549520 of 62 bytes failed: Only part of a ReadProcessMemory or WriteProcessMemory request was completed. (0x12B)
[0105/103849.210:ERROR:process_memory_win.cc(73)] ReadMemory at 0x2c785549570 of 60 bytes failed: Only part of a ReadProcessMemory or WriteProcessMemory request was completed. (0x12B)
[0105/103849.210:ERROR:process_memory_win.cc(73)] ReadMemory at 0x2c785549610 of 64 bytes failed: Only part of a ReadProcessMemory or WriteProcessMemory request was completed. (0x12B)
[0105/103849.210:ERROR:process_memory_win.cc(73)] ReadMemory at 0x2c785549660 of 62 bytes failed: Only part of a ReadProcessMemory or WriteProcessMemory request was completed. (0x12B)
[0105/103849.211:ERROR:process_memory_win.cc(73)] ReadMemory at 0x2c785549700 of 64 bytes failed: Only part of a ReadProcessMemory or WriteProcessMemory request was completed. (0x12B)
[0105/103849.211:ERROR:process_memory_win.cc(73)] ReadMemory at 0x2c785549890 of 58 bytes failed: Only part of a ReadProcessMemory or WriteProcessMemory request was completed. (0x12B)
[0105/103849.211:ERROR:process_memory_win.cc(73)] ReadMemory at 0x2c785549980 of 62 bytes failed: Only part of a ReadProcessMemory or WriteProcessMemory request was completed. (0x12B)
[0105/103849.211:ERROR:process_memory_win.cc(73)] ReadMemory at 0x2c785549a70 of 64 bytes failed: Only part of a ReadProcessMemory or WriteProcessMemory request was completed. (0x12B)
[0105/103849.211:ERROR:process_memory_win.cc(73)] ReadMemory at 0x2c785549ac0 of 60 bytes failed: Only part of a ReadProcessMemory or WriteProcessMemory request was completed. (0x12B)
[0105/103849.211:ERROR:process_memory_win.cc(73)] ReadMemory at 0x2c785549b10 of 60 bytes failed: Only part of a ReadProcessMemory or WriteProcessMemory request was completed. (0x12B)
[0105/103849.211:ERROR:process_memory_win.cc(73)] ReadMemory at 0x2c785549b60 of 62 bytes failed: Only part of a ReadProcessMemory or WriteProcessMemory request was completed. (0x12B)
[0105/103849.211:ERROR:process_memory_win.cc(73)] ReadMemory at 0x2c785549bb0 of 62 bytes failed: Only part of a ReadProcessMemory or WriteProcessMemory request was completed. (0x12B)
[0105/103849.211:ERROR:process_memory_win.cc(73)] ReadMemory at 0x2c785549c50 of 60 bytes failed: Only part of a ReadProcessMemory or WriteProcessMemory request was completed. (0x12B)
[0105/103849.211:ERROR:process_memory_win.cc(73)] ReadMemory at 0x2c785549ca0 of 64 bytes failed: Only part of a ReadProcessMemory or WriteProcessMemory request was completed. (0x12B)
[0105/103849.211:ERROR:process_memory_win.cc(73)] ReadMemory at 0x2c785549d40 of 64 bytes failed: Only part of a ReadProcessMemory or WriteProcessMemory request was completed. (0x12B)
[0105/103849.211:ERROR:process_memory_win.cc(73)] ReadMemory at 0x2c785549d90 of 62 bytes failed: Only part of a ReadProcessMemory or WriteProcessMemory request was completed. (0x12B)
[0105/103849.211:ERROR:process_memory_win.cc(73)] ReadMemory at 0x2c785549e30 of 62 bytes failed: Only part of a ReadProcessMemory or WriteProcessMemory request was completed. (0x12B)
[0105/103849.211:ERROR:process_memory_win.cc(73)] ReadMemory at 0x2c78554af00 of 132 bytes failed: Only part of a ReadProcessMemory or WriteProcessMemory request was completed. (0x12B)
[0105/103849.212:ERROR:process_memory_win.cc(73)] ReadMemory at 0x2c78554b030 of 132 bytes failed: Only part of a ReadProcessMemory or WriteProcessMemory request was completed. (0x12B)
[0105/103849.212:ERROR:process_memory_win.cc(73)] ReadMemory at 0x2c78554b160 of 132 bytes failed: Only part of a ReadProcessMemory or WriteProcessMemory request was completed. (0x12B)
[0105/103849.212:ERROR:process_memory_win.cc(73)] ReadMemory at 0x2c78554b290 of 132 bytes failed: Only part of a ReadProcessMemory or WriteProcessMemory request was completed. (0x12B)
[0105/103849.212:ERROR:process_memory_win.cc(73)] ReadMemory at 0x2c78554b3c0 of 132 bytes failed: Only part of a ReadProcessMemory or WriteProcessMemory request was completed. (0x12B)
[0105/103849.212:ERROR:process_memory_win.cc(73)] ReadMemory at 0x2c78554b4f0 of 132 bytes failed: Only part of a ReadProcessMemory or WriteProcessMemory request was completed. (0x12B)
[0105/103849.212:ERROR:process_memory_win.cc(73)] ReadMemory at 0x2c78554b620 of 132 bytes failed: Only part of a ReadProcessMemory or WriteProcessMemory request was completed. (0x12B)
[0105/103849.212:ERROR:process_memory_win.cc(73)] ReadMemory at 0x2c78554b750 of 132 bytes failed: Only part of a ReadProcessMemory or WriteProcessMemory request was completed. (0x12B)
[0105/103849.212:ERROR:process_memory_win.cc(73)] ReadMemory at 0x2c78554b880 of 132 bytes failed: Only part of a ReadProcessMemory or WriteProcessMemory request was completed. (0x12B)
[0105/103849.212:ERROR:process_memory_win.cc(73)] ReadMemory at 0x2c78554bae0 of 132 bytes failed: Only part of a ReadProcessMemory or WriteProcessMemory request was completed. (0x12B)
[0105/103849.212:ERROR:process_memory_win.cc(73)] ReadMemory at 0x2c78554bc10 of 132 bytes failed: Only part of a ReadProcessMemory or WriteProcessMemory request was completed. (0x12B)
[0105/103849.212:ERROR:process_memory_win.cc(73)] ReadMemory at 0x2c78554bd40 of 132 bytes failed: Only part of a ReadProcessMemory or WriteProcessMemory request was completed. (0x12B)
[0105/103849.212:ERROR:process_memory_win.cc(73)] ReadMemory at 0x2c78554da60 of 132 bytes failed: Only part of a ReadProcessMemory or WriteProcessMemory request was completed. (0x12B)
[0105/103849.212:ERROR:process_memory_win.cc(73)] ReadMemory at 0x2c78554dc70 of 132 bytes failed: Only part of a ReadProcessMemory or WriteProcessMemory request was completed. (0x12B)
[0105/103849.212:ERROR:process_memory_win.cc(73)] ReadMemory at 0x2c78554de80 of 132 bytes failed: Only part of a ReadProcessMemory or WriteProcessMemory request was completed. (0x12B)
[0105/103849.212:ERROR:process_memory_win.cc(73)] ReadMemory at 0x2c78554e360 of 76 bytes failed: Only part of a ReadProcessMemory or WriteProcessMemory request was completed. (0x12B)
[0105/103849.212:ERROR:process_memory_win.cc(73)] ReadMemory at 0x2c78554e9c0 of 80 bytes failed: Only part of a ReadProcessMemory or WriteProcessMemory request was completed. (0x12B)
[0105/103849.212:ERROR:process_memory_win.cc(73)] ReadMemory at 0x2c78554f010 of 132 bytes failed: Only part of a ReadProcessMemory or WriteProcessMemory request was completed. (0x12B)
[0105/103849.212:ERROR:process_memory_win.cc(73)] ReadMemory at 0x2c78554f270 of 132 bytes failed: Only part of a ReadProcessMemory or WriteProcessMemory request was completed. (0x12B)
[0105/103849.212:ERROR:process_memory_win.cc(73)] ReadMemory at 0x2c78554f3a0 of 132 bytes failed: Only part of a ReadProcessMemory or WriteProcessMemory request was completed. (0x12B)
[0105/103849.212:ERROR:process_memory_win.cc(73)] ReadMemory at 0x2c78554f600 of 132 bytes failed: Only part of a ReadProcessMemory or WriteProcessMemory request was completed. (0x12B)
[0105/103849.212:ERROR:process_memory_win.cc(73)] ReadMemory at 0x2c78554f860 of 132 bytes failed: Only part of a ReadProcessMemory or WriteProcessMemory request was completed. (0x12B)
[0105/103849.212:ERROR:process_memory_win.cc(73)] ReadMemory at 0x2c78554f990 of 132 bytes failed: Only part of a ReadProcessMemory or WriteProcessMemory request was completed. (0x12B)
[0105/103849.212:ERROR:process_memory_win.cc(73)] ReadMemory at 0x2c78554fe50 of 132 bytes failed: Only part of a ReadProcessMemory or WriteProcessMemory request was completed. (0x12B)
[0105/103849.212:ERROR:process_memory_win.cc(73)] ReadMemory at 0x2c78554ff80 of 132 bytes failed: Only part of a ReadProcessMemory or WriteProcessMemory request was completed. (0x12B)
[0105/103849.213:ERROR:process_memory_win.cc(73)] ReadMemory at 0x2c7855507d0 of 132 bytes failed: Only part of a ReadProcessMemory or WriteProcessMemory request was completed. (0x12B)
[0105/103849.213:ERROR:process_memory_win.cc(73)] ReadMemory at 0x2c785550900 of 132 bytes failed: Only part of a ReadProcessMemory or WriteProcessMemory request was completed. (0x12B)
[0105/103849.213:ERROR:process_memory_win.cc(73)] ReadMemory at 0x2c78559e030 of 512 bytes failed: Only part of a ReadProcessMemory or WriteProcessMemory request was completed. (0x12B)
[0105/103849.213:ERROR:process_memory_win.cc(73)] ReadMemory at 0x2c7855a41f0 of 512 bytes failed: Only part of a ReadProcessMemory or WriteProcessMemory request was completed. (0x12B)
[0105/103849.213:ERROR:process_memory_win.cc(73)] ReadMemory at 0x2c7855a47c0 of 512 bytes failed: Only part of a ReadProcessMemory or WriteProcessMemory request was completed. (0x12B)
[0105/103849.213:ERROR:process_memory_win.cc(73)] ReadMemory at 0x2c7855a4c03 of 749 bytes failed: Only part of a ReadProcessMemory or WriteProcessMemory request was completed. (0x12B)
[0105/103849.213:ERROR:process_memory_win.cc(73)] ReadMemory at 0x2c7855ac1b0 of 512 bytes failed: Only part of a ReadProcessMemory or WriteProcessMemory request was completed. (0x12B)
[0105/103849.213:ERROR:process_memory_win.cc(73)] ReadMemory at 0x2c7855c1910 of 712 bytes failed: Only part of a ReadProcessMemory or WriteProcessMemory request was completed. (0x12B)
[0105/103849.213:ERROR:process_memory_win.cc(73)] ReadMemory at 0x2c7855e2c30 of 512 bytes failed: Only part of a ReadProcessMemory or WriteProcessMemory request was completed. (0x12B)
[0105/103849.213:ERROR:process_memory_win.cc(73)] ReadMemory at 0x2c7855e5670 of 512 bytes failed: Only part of a ReadProcessMemory or WriteProcessMemory request was completed. (0x12B)
[0105/103849.213:ERROR:process_memory_win.cc(73)] ReadMemory at 0x2c78719cc00 of 512 bytes failed: Only part of a ReadProcessMemory or WriteProcessMemory request was completed. (0x12B)
[0105/103849.213:ERROR:process_memory_win.cc(73)] ReadMemory at 0x2c78719f2f8 of 512 bytes failed: Only part of a ReadProcessMemory or WriteProcessMemory request was completed. (0x12B)
[0105/103849.213:ERROR:process_memory_win.cc(73)] ReadMemory at 0x2c78719fad8 of 512 bytes failed: Only part of a ReadProcessMemory or WriteProcessMemory request was completed. (0x12B)
[0105/103849.213:ERROR:process_memory_win.cc(73)] ReadMemory at 0x2c7871a0bb8 of 1088 bytes failed: Only part of a ReadProcessMemory or WriteProcessMemory request was completed. (0x12B)
[0105/103849.213:ERROR:process_memory_win.cc(73)] ReadMemory at 0x2c7871aa240 of 512 bytes failed: Only part of a ReadProcessMemory or WriteProcessMemory request was completed. (0x12B)
[0105/103849.213:ERROR:process_memory_win.cc(73)] ReadMemory at 0x2c787236326 of 1376 bytes failed: Only part of a ReadProcessMemory or WriteProcessMemory request was completed. (0x12B)
[0105/103849.213:ERROR:process_memory_win.cc(73)] ReadMemory at 0x2c787242b70 of 512 bytes failed: Only part of a ReadProcessMemory or WriteProcessMemory request was completed. (0x12B)
[0105/103849.213:ERROR:process_memory_win.cc(73)] ReadMemory at 0x2c78724d730 of 512 bytes failed: Only part of a ReadProcessMemory or WriteProcessMemory request was completed. (0x12B)
[0105/103849.213:ERROR:process_memory_win.cc(73)] ReadMemory at 0x2c7873eb340 of 640 bytes failed: Only part of a ReadProcessMemory or WriteProcessMemory request was completed. (0x12B)
[0105/103849.213:ERROR:process_memory_win.cc(73)] ReadMemory at 0x2c7873eb640 of 512 bytes failed: Only part of a ReadProcessMemory or WriteProcessMemory request was completed. (0x12B)
[0105/103849.213:ERROR:process_memory_win.cc(73)] ReadMemory at 0x2c7873f4a00 of 512 bytes failed: Only part of a ReadProcessMemory or WriteProcessMemory request was completed. (0x12B)
[0105/103849.213:ERROR:process_memory_win.cc(73)] ReadMemory at 0x2c78749d0c0 of 512 bytes failed: Only part of a ReadProcessMemory or WriteProcessMemory request was completed. (0x12B)
[0105/103849.213:ERROR:process_memory_win.cc(73)] ReadMemory at 0x2c7874b0590 of 512 bytes failed: Only part of a ReadProcessMemory or WriteProcessMemory request was completed. (0x12B)
[0105/103849.213:ERROR:process_memory_win.cc(73)] ReadMemory at 0x2c789151ff0 of 512 bytes failed: Only part of a ReadProcessMemory or WriteProcessMemory request was completed. (0x12B)
[0105/103849.213:ERROR:process_memory_win.cc(73)] ReadMemory at 0x6ce000000000 of 384 bytes failed: Only part of a ReadProcessMemory or WriteProcessMemory request was completed. (0x12B)
[0105/103849.214:ERROR:process_memory_win.cc(73)] ReadMemory at 0x7ff845973aa9 of 512 bytes failed: Only part of a ReadProcessMemory or WriteProcessMemory request was completed. (0x12B)
[0105/103849.214:ERROR:process_memory_win.cc(73)] ReadMemory at 0x7ff846361fd0 of 512 bytes failed: Only part of a ReadProcessMemory or WriteProcessMemory request was completed. (0x12B)
[0105/103849.214:ERROR:process_memory_win.cc(73)] ReadMemory at 0x7ff84805c6f4 of 672 bytes failed: Only part of a ReadProcessMemory or WriteProcessMemory request was completed. (0x12B)
[0105/103849.214:ERROR:process_memory_win.cc(73)] ReadMemory at 0x7ff84805ccf4 of 512 bytes failed: Only part of a ReadProcessMemory or WriteProcessMemory request was completed. (0x12B)
[0105/103849.214:ERROR:process_memory_win.cc(73)] ReadMemory at 0x7ff84805ffa4 of 608 bytes failed: Only part of a ReadProcessMemory or WriteProcessMemory request was completed. (0x12B)
[0105/103849.214:ERROR:process_memory_win.cc(73)] ReadMemory at 0x7ff8480ec428 of 18 bytes failed: Only part of a ReadProcessMemory or WriteProcessMemory request was completed. (0x12B)
[0105/103849.214:ERROR:process_memory_win.cc(73)] ReadMemory at 0x7ff84811f4f8 of 40 bytes failed: Only part of a ReadProcessMemory or WriteProcessMemory request was completed. (0x12B)
[0105/103849.214:ERROR:process_memory_win.cc(73)] ReadMemory at 0x7ff84811f978 of 48 bytes failed: Only part of a ReadProcessMemory or WriteProcessMemory request was completed. (0x12B)
[0105/103849.214:ERROR:process_memory_win.cc(73)] ReadMemory at 0x7ff8481253c0 of 64 bytes failed: Only part of a ReadProcessMemory or WriteProcessMemory request was completed. (0x12B)
[0105/103849.214:ERROR:process_memory_win.cc(73)] ReadMemory at 0x7ffff1f2e84a of 512 bytes failed: Only part of a ReadProcessMemory or WriteProcessMemory request was completed. (0x12B)
[0105/103849.214:ERROR:process_memory_win.cc(73)] ReadMemory at 0x7ffff1f328fe of 512 bytes failed: Only part of a ReadProcessMemory or WriteProcessMemory request was completed. (0x12B)
[0105/103849.214:ERROR:process_memory_win.cc(73)] ReadMemory at 0x7ffff21bed30 of 512 bytes failed: Only part of a ReadProcessMemory or WriteProcessMemory request was completed. (0x12B)
[0105/103849.214:ERROR:process_memory_win.cc(73)] ReadMemory at 0x7ffff7b7f61b of 512 bytes failed: Only part of a ReadProcessMemory or WriteProcessMemory request was completed. (0x12B)
[0105/103849.214:ERROR:process_memory_win.cc(73)] ReadMemory at 0x7ffff7e2df00 of 512 bytes failed: Only part of a ReadProcessMemory or WriteProcessMemory request was completed. (0x12B)
[0105/103849.217:ERROR:filesystem_win.cc(129)] GetFileAttributes C:\Users\Rajneesh\AppData\Local\Google\Chrome\User Data\Crashpad\attachments\f07a8c83-cd8f-4859-9011-1fff1f5714c7: The system cannot find the path specified. (0x3)
[0105/103849.216:ERROR:scoped_process_suspend.cc(40)] NtResumeProcess: An attempt was made to access an exiting process. (0xc000010a)
[0105/104632.843:ERROR:directory_reader_win.cc(43)] FindFirstFile: The system cannot find the path specified. (0x3)
[0105/172436.186:ERROR:directory_reader_win.cc(43)] FindFirstFile: The system cannot find the path specified. (0x3)
